{"timestamp": "2026-02-04T17:30:56.178292Z", "level": "info", "event": "Running in LOCAL mode: .env loaded"}
{"groq_key": "gsk_Ur...", "google_key": "AIzaSy...", "timestamp": "2026-02-04T17:30:56.179439Z", "level": "info", "event": "API keys loaded successfully"}
{"config_keys": ["embedding_model", "retriever", "llm"], "timestamp": "2026-02-04T17:30:56.204019Z", "level": "info", "event": "YAML config loaded"}
{"session_id": "session_20260204_230056_97fc2154", "temp_dir": "data\\session_20260204_230056_97fc2154", "faiss_dir": "faiss_index\\session_20260204_230056_97fc2154", "sessionized": true, "timestamp": "2026-02-04T17:30:56.208012Z", "level": "info", "event": "ChatIngestor initialized"}
{"uploaded": "\\Users\\junjo\\Desktop\\PRO\\LLMops\\data\\attention is all you need.pdf", "saved_as": "data\\session_20260204_230056_97fc2154\\c88eeee7.pdf", "timestamp": "2026-02-04T17:30:56.213119Z", "level": "info", "event": "File saved for ingestion"}
{"error": "`pypdf` package not found, please install it with `pip install pypdf`", "timestamp": "2026-02-04T17:30:56.262667Z", "level": "error", "event": "Failed loading documents"}
{"error": "Error in [C:\\Users\\junjo\\Desktop\\PRO\\LLMops\\.venv\\Lib\\site-packages\\langchain_community\\document_loaders\\parsers\\pdf.py] at line [361] | Message: Error loading documents\nTraceback:\nTraceback (most recent call last):\n  File \"C:\\Users\\junjo\\Desktop\\PRO\\LLMops\\.venv\\Lib\\site-packages\\langchain_community\\document_loaders\\parsers\\pdf.py\", line 359, in lazy_parse\n    import pypdf\nModuleNotFoundError: No module named 'pypdf'\n\nDuring handling of the above exception, another exception occurred:\n\nTraceback (most recent call last):\n  File \"C:\\Users\\junjo\\Desktop\\PRO\\LLMops\\multi_doc_chat\\utils\\document_ops.py\", line 28, in load_documents\n    docs.extend(loader.load())\n                ^^^^^^^^^^^^^\n  File \"C:\\Users\\junjo\\Desktop\\PRO\\LLMops\\.venv\\Lib\\site-packages\\langchain_core\\document_loaders\\base.py\", line 32, in load\n    return list(self.lazy_load())\n           ^^^^^^^^^^^^^^^^^^^^^^\n  File \"C:\\Users\\junjo\\Desktop\\PRO\\LLMops\\.venv\\Lib\\site-packages\\langchain_community\\document_loaders\\pdf.py\", line 305, in lazy_load\n    yield from self.parser.lazy_parse(blob)\n  File \"C:\\Users\\junjo\\Desktop\\PRO\\LLMops\\.venv\\Lib\\site-packages\\langchain_community\\document_loaders\\parsers\\pdf.py\", line 361, in lazy_parse\n    raise ImportError(\nImportError: `pypdf` package not found, please install it with `pip install pypdf`\n", "timestamp": "2026-02-04T17:30:56.266630Z", "level": "error", "event": "Failed to build retriever"}
